<?xml version="1.0" encoding="UTF-8"?>
<!-- Generated by org.testng.reporters.JUnitReportReporter -->
<testsuite skipped="0" hostname="Admin" name="com.testclass.ExcelTest" tests="4" failures="0" timestamp="2021-07-06T19:50:32 IST" time="2.410" errors="0">
  <testcase name="testCase1" time="0.030" classname="com.testclass.ExcelTest"/>
  <system-out/>
  <testcase name="testCase2" time="0.023" classname="com.testclass.ExcelTest"/>
  <system-out/>
  <testcase name="testCase3" time="0.096" classname="com.testclass.ExcelTest"/>
  <system-out/>
  <testcase name="testCase4" time="2.261" classname="com.testclass.ExcelTest"/>
  <system-out/>
</testsuite> <!-- com.testclass.ExcelTest -->
